<?xml version="1.0" encoding="UTF-8"?>
<!-- Generated by org.testng.reporters.JUnitXMLReporter -->
<testsuite hostname="BIZREN228" ignored="0" name="codingRound" tests="3" failures="0" timestamp="07 May 2018 17:46:35 GMT" time="103.45" errors="0">
  <testcase name="testThatResultsAppearForAOneWayJourney" time="32.694" classname="com.codingRound.FlightBookingTest.FlightBookingTest"/>
  <testcase name="shouldBeAbleToSearchForHotels" time="38.506" classname="com.codingRound.HotelBooking.HotelBooking"/>
  <testcase name="shouldThrowAnErrorIfSignInDetailsAreMissing" time="17.389" classname="com.codingRound.signintest.Signintest"/>
</testsuite> <!-- codingRound -->
